{"C:\\Users\\Simon\\git\\jovial\\index.js":{"path":"C:\\Users\\Simon\\git\\jovial\\index.js","s":{"1":1,"2":1,"3":1,"4":10,"5":10,"6":9,"7":9,"8":9,"9":9,"10":1,"11":1,"12":0,"13":1,"14":10,"15":10,"16":10,"17":9,"18":9,"19":18,"20":9,"21":9,"22":9,"23":9,"24":9,"25":9,"26":9,"27":9,"28":9,"29":9,"30":9,"31":9,"32":9,"33":1,"34":8,"35":10,"36":10,"37":10,"38":10,"39":10,"40":10,"41":0,"42":1,"43":9,"44":9,"45":1,"46":1,"47":1,"48":1,"49":0,"50":1,"51":5,"52":5,"53":0,"54":5,"55":0,"56":5,"57":0,"58":5,"59":0,"60":0,"61":0,"62":0,"63":0,"64":0,"65":0,"66":5,"67":1,"68":1,"69":2,"70":2,"71":2,"72":2,"73":2,"74":1,"75":1,"76":1,"77":1,"78":1,"79":1,"80":1,"81":1,"82":0,"83":1,"84":1,"85":1,"86":0,"87":0,"88":0,"89":0,"90":0,"91":0,"92":0,"93":0},"b":{"1":[9,1],"2":[1,0],"3":[8,2],"4":[2,0],"5":[9,9],"6":[9,0],"7":[0,9],"8":[0,9],"9":[5,4],"10":[0,9],"11":[1,8],"12":[0,8],"13":[9,0],"14":[9,0],"15":[1,8],"16":[10,0],"17":[0,0],"18":[0,5],"19":[0,5],"20":[0,0],"21":[0,5],"22":[0,5],"23":[0,0],"24":[0,0],"25":[2,2],"26":[1,0],"27":[1,1],"28":[0,0],"29":[0,0]},"f":{"1":1,"2":10,"3":9,"4":10,"5":9,"6":18,"7":9,"8":0,"9":5,"10":0,"11":2,"12":2,"13":1,"14":1,"15":0,"16":0,"17":0},"fnMap":{"1":{"name":"(anonymous_1)","line":5,"loc":{"start":{"line":5,"column":1},"end":{"line":5,"column":12}}},"2":{"name":"Validator","line":8,"loc":{"start":{"line":8,"column":1},"end":{"line":8,"column":28}}},"3":{"name":"(anonymous_3)","line":12,"loc":{"start":{"line":12,"column":16},"end":{"line":12,"column":30}}},"4":{"name":"(anonymous_4)","line":23,"loc":{"start":{"line":23,"column":28},"end":{"line":23,"column":71}}},"5":{"name":"(anonymous_5)","line":27,"loc":{"start":{"line":27,"column":8},"end":{"line":27,"column":40}}},"6":{"name":"(anonymous_6)","line":29,"loc":{"start":{"line":29,"column":17},"end":{"line":29,"column":31}}},"7":{"name":"(anonymous_7)","line":63,"loc":{"start":{"line":63,"column":29},"end":{"line":63,"column":46}}},"8":{"name":"(anonymous_8)","line":82,"loc":{"start":{"line":82,"column":33},"end":{"line":82,"column":58}}},"9":{"name":"(anonymous_9)","line":85,"loc":{"start":{"line":85,"column":29},"end":{"line":85,"column":50}}},"10":{"name":"(anonymous_10)","line":104,"loc":{"start":{"line":104,"column":21},"end":{"line":104,"column":39}}},"11":{"name":"(anonymous_11)","line":113,"loc":{"start":{"line":113,"column":32},"end":{"line":113,"column":56}}},"12":{"name":"(anonymous_12)","line":114,"loc":{"start":{"line":114,"column":15},"end":{"line":114,"column":29}}},"13":{"name":"(anonymous_13)","line":120,"loc":{"start":{"line":120,"column":28},"end":{"line":120,"column":48}}},"14":{"name":"(anonymous_14)","line":124,"loc":{"start":{"line":124,"column":28},"end":{"line":124,"column":48}}},"15":{"name":"(anonymous_15)","line":128,"loc":{"start":{"line":128,"column":32},"end":{"line":128,"column":54}}},"16":{"name":"(anonymous_16)","line":136,"loc":{"start":{"line":136,"column":9},"end":{"line":136,"column":20}}},"17":{"name":"(anonymous_17)","line":141,"loc":{"start":{"line":141,"column":25},"end":{"line":141,"column":36}}}},"statementMap":{"1":{"start":{"line":5,"column":0},"end":{"line":148,"column":14}},"2":{"start":{"line":7,"column":1},"end":{"line":7,"column":38}},"3":{"start":{"line":8,"column":1},"end":{"line":17,"column":2}},"4":{"start":{"line":9,"column":2},"end":{"line":9,"column":16}},"5":{"start":{"line":10,"column":2},"end":{"line":16,"column":3}},"6":{"start":{"line":11,"column":3},"end":{"line":11,"column":34}},"7":{"start":{"line":12,"column":3},"end":{"line":15,"column":6}},"8":{"start":{"line":13,"column":4},"end":{"line":13,"column":26}},"9":{"start":{"line":14,"column":4},"end":{"line":14,"column":23}},"10":{"start":{"line":18,"column":1},"end":{"line":22,"column":2}},"11":{"start":{"line":19,"column":2},"end":{"line":19,"column":45}},"12":{"start":{"line":21,"column":2},"end":{"line":21,"column":27}},"13":{"start":{"line":23,"column":1},"end":{"line":62,"column":2}},"14":{"start":{"line":24,"column":2},"end":{"line":24,"column":93}},"15":{"start":{"line":25,"column":2},"end":{"line":25,"column":29}},"16":{"start":{"line":26,"column":2},"end":{"line":53,"column":4}},"17":{"start":{"line":28,"column":4},"end":{"line":28,"column":80}},"18":{"start":{"line":29,"column":4},"end":{"line":44,"column":7}},"19":{"start":{"line":30,"column":5},"end":{"line":43,"column":6}},"20":{"start":{"line":31,"column":6},"end":{"line":31,"column":68}},"21":{"start":{"line":32,"column":6},"end":{"line":42,"column":7}},"22":{"start":{"line":33,"column":7},"end":{"line":33,"column":71}},"23":{"start":{"line":34,"column":7},"end":{"line":34,"column":87}},"24":{"start":{"line":35,"column":7},"end":{"line":35,"column":73}},"25":{"start":{"line":36,"column":7},"end":{"line":36,"column":120}},"26":{"start":{"line":37,"column":7},"end":{"line":37,"column":78}},"27":{"start":{"line":38,"column":7},"end":{"line":38,"column":247}},"28":{"start":{"line":39,"column":7},"end":{"line":39,"column":53}},"29":{"start":{"line":40,"column":7},"end":{"line":40,"column":116}},"30":{"start":{"line":41,"column":7},"end":{"line":41,"column":68}},"31":{"start":{"line":45,"column":4},"end":{"line":51,"column":5}},"32":{"start":{"line":46,"column":5},"end":{"line":50,"column":6}},"33":{"start":{"line":47,"column":6},"end":{"line":47,"column":20}},"34":{"start":{"line":49,"column":6},"end":{"line":49,"column":18}},"35":{"start":{"line":54,"column":2},"end":{"line":60,"column":3}},"36":{"start":{"line":55,"column":3},"end":{"line":55,"column":183}},"37":{"start":{"line":56,"column":3},"end":{"line":56,"column":65}},"38":{"start":{"line":57,"column":3},"end":{"line":57,"column":34}},"39":{"start":{"line":58,"column":3},"end":{"line":58,"column":37}},"40":{"start":{"line":59,"column":3},"end":{"line":59,"column":15}},"41":{"start":{"line":61,"column":2},"end":{"line":61,"column":59}},"42":{"start":{"line":63,"column":1},"end":{"line":66,"column":2}},"43":{"start":{"line":64,"column":2},"end":{"line":64,"column":23}},"44":{"start":{"line":65,"column":2},"end":{"line":65,"column":19}},"45":{"start":{"line":67,"column":1},"end":{"line":67,"column":70}},"46":{"start":{"line":68,"column":1},"end":{"line":68,"column":77}},"47":{"start":{"line":69,"column":1},"end":{"line":69,"column":27}},"48":{"start":{"line":82,"column":1},"end":{"line":84,"column":2}},"49":{"start":{"line":83,"column":2},"end":{"line":83,"column":47}},"50":{"start":{"line":85,"column":1},"end":{"line":111,"column":2}},"51":{"start":{"line":86,"column":2},"end":{"line":88,"column":4}},"52":{"start":{"line":89,"column":2},"end":{"line":91,"column":3}},"53":{"start":{"line":90,"column":3},"end":{"line":90,"column":15}},"54":{"start":{"line":92,"column":2},"end":{"line":94,"column":3}},"55":{"start":{"line":93,"column":3},"end":{"line":93,"column":60}},"56":{"start":{"line":95,"column":2},"end":{"line":97,"column":3}},"57":{"start":{"line":96,"column":3},"end":{"line":96,"column":44}},"58":{"start":{"line":98,"column":2},"end":{"line":109,"column":3}},"59":{"start":{"line":99,"column":3},"end":{"line":99,"column":31}},"60":{"start":{"line":100,"column":3},"end":{"line":100,"column":17}},"61":{"start":{"line":101,"column":3},"end":{"line":103,"column":4}},"62":{"start":{"line":102,"column":4},"end":{"line":102,"column":21}},"63":{"start":{"line":104,"column":3},"end":{"line":108,"column":6}},"64":{"start":{"line":105,"column":4},"end":{"line":107,"column":5}},"65":{"start":{"line":106,"column":5},"end":{"line":106,"column":37}},"66":{"start":{"line":110,"column":2},"end":{"line":110,"column":15}},"67":{"start":{"line":112,"column":1},"end":{"line":112,"column":47}},"68":{"start":{"line":113,"column":1},"end":{"line":118,"column":2}},"69":{"start":{"line":114,"column":2},"end":{"line":114,"column":48}},"70":{"start":{"line":114,"column":31},"end":{"line":114,"column":44}},"71":{"start":{"line":115,"column":2},"end":{"line":115,"column":23}},"72":{"start":{"line":116,"column":2},"end":{"line":116,"column":38}},"73":{"start":{"line":117,"column":2},"end":{"line":117,"column":34}},"74":{"start":{"line":119,"column":1},"end":{"line":119,"column":51}},"75":{"start":{"line":120,"column":1},"end":{"line":122,"column":2}},"76":{"start":{"line":121,"column":2},"end":{"line":121,"column":20}},"77":{"start":{"line":123,"column":1},"end":{"line":123,"column":47}},"78":{"start":{"line":124,"column":1},"end":{"line":126,"column":2}},"79":{"start":{"line":125,"column":2},"end":{"line":125,"column":20}},"80":{"start":{"line":127,"column":1},"end":{"line":127,"column":47}},"81":{"start":{"line":128,"column":1},"end":{"line":130,"column":2}},"82":{"start":{"line":129,"column":2},"end":{"line":129,"column":39}},"83":{"start":{"line":131,"column":1},"end":{"line":131,"column":51}},"84":{"start":{"line":132,"column":1},"end":{"line":146,"column":2}},"85":{"start":{"line":133,"column":2},"end":{"line":133,"column":29}},"86":{"start":{"line":134,"column":8},"end":{"line":146,"column":2}},"87":{"start":{"line":136,"column":2},"end":{"line":136,"column":41}},"88":{"start":{"line":136,"column":21},"end":{"line":136,"column":38}},"89":{"start":{"line":139,"column":2},"end":{"line":139,"column":40}},"90":{"start":{"line":141,"column":2},"end":{"line":144,"column":4}},"91":{"start":{"line":142,"column":3},"end":{"line":142,"column":37}},"92":{"start":{"line":143,"column":3},"end":{"line":143,"column":20}},"93":{"start":{"line":145,"column":2},"end":{"line":145,"column":32}}},"branchMap":{"1":{"line":10,"type":"if","locations":[{"start":{"line":10,"column":2},"end":{"line":10,"column":2}},{"start":{"line":10,"column":2},"end":{"line":10,"column":2}}]},"2":{"line":18,"type":"if","locations":[{"start":{"line":18,"column":1},"end":{"line":18,"column":1}},{"start":{"line":18,"column":1},"end":{"line":18,"column":1}}]},"3":{"line":24,"type":"cond-expr","locations":[{"start":{"line":24,"column":17},"end":{"line":24,"column":21}},{"start":{"line":24,"column":25},"end":{"line":24,"column":90}}]},"4":{"line":24,"type":"cond-expr","locations":[{"start":{"line":24,"column":52},"end":{"line":24,"column":76}},{"start":{"line":24,"column":79},"end":{"line":24,"column":90}}]},"5":{"line":30,"type":"if","locations":[{"start":{"line":30,"column":5},"end":{"line":30,"column":5}},{"start":{"line":30,"column":5},"end":{"line":30,"column":5}}]},"6":{"line":32,"type":"if","locations":[{"start":{"line":32,"column":6},"end":{"line":32,"column":6}},{"start":{"line":32,"column":6},"end":{"line":32,"column":6}}]},"7":{"line":33,"type":"cond-expr","locations":[{"start":{"line":33,"column":24},"end":{"line":33,"column":29}},{"start":{"line":33,"column":32},"end":{"line":33,"column":69}}]},"8":{"line":34,"type":"cond-expr","locations":[{"start":{"line":34,"column":58},"end":{"line":34,"column":80}},{"start":{"line":34,"column":83},"end":{"line":34,"column":85}}]},"9":{"line":35,"type":"cond-expr","locations":[{"start":{"line":35,"column":59},"end":{"line":35,"column":63}},{"start":{"line":35,"column":66},"end":{"line":35,"column":71}}]},"10":{"line":36,"type":"cond-expr","locations":[{"start":{"line":36,"column":80},"end":{"line":36,"column":113}},{"start":{"line":36,"column":116},"end":{"line":36,"column":118}}]},"11":{"line":38,"type":"cond-expr","locations":[{"start":{"line":38,"column":62},"end":{"line":38,"column":81}},{"start":{"line":38,"column":85},"end":{"line":38,"column":140}}]},"12":{"line":38,"type":"cond-expr","locations":[{"start":{"line":38,"column":111},"end":{"line":38,"column":132}},{"start":{"line":38,"column":135},"end":{"line":38,"column":140}}]},"13":{"line":40,"type":"cond-expr","locations":[{"start":{"line":40,"column":68},"end":{"line":40,"column":101}},{"start":{"line":40,"column":104},"end":{"line":40,"column":109}}]},"14":{"line":45,"type":"if","locations":[{"start":{"line":45,"column":4},"end":{"line":45,"column":4}},{"start":{"line":45,"column":4},"end":{"line":45,"column":4}}]},"15":{"line":46,"type":"if","locations":[{"start":{"line":46,"column":5},"end":{"line":46,"column":5}},{"start":{"line":46,"column":5},"end":{"line":46,"column":5}}]},"16":{"line":54,"type":"if","locations":[{"start":{"line":54,"column":2},"end":{"line":54,"column":2}},{"start":{"line":54,"column":2},"end":{"line":54,"column":2}}]},"17":{"line":83,"type":"cond-expr","locations":[{"start":{"line":83,"column":21},"end":{"line":83,"column":38}},{"start":{"line":83,"column":41},"end":{"line":83,"column":45}}]},"18":{"line":89,"type":"if","locations":[{"start":{"line":89,"column":2},"end":{"line":89,"column":2}},{"start":{"line":89,"column":2},"end":{"line":89,"column":2}}]},"19":{"line":92,"type":"if","locations":[{"start":{"line":92,"column":2},"end":{"line":92,"column":2}},{"start":{"line":92,"column":2},"end":{"line":92,"column":2}}]},"20":{"line":93,"type":"binary-expr","locations":[{"start":{"line":93,"column":10},"end":{"line":93,"column":33}},{"start":{"line":93,"column":37},"end":{"line":93,"column":59}}]},"21":{"line":95,"type":"if","locations":[{"start":{"line":95,"column":2},"end":{"line":95,"column":2}},{"start":{"line":95,"column":2},"end":{"line":95,"column":2}}]},"22":{"line":98,"type":"if","locations":[{"start":{"line":98,"column":2},"end":{"line":98,"column":2}},{"start":{"line":98,"column":2},"end":{"line":98,"column":2}}]},"23":{"line":101,"type":"if","locations":[{"start":{"line":101,"column":3},"end":{"line":101,"column":3}},{"start":{"line":101,"column":3},"end":{"line":101,"column":3}}]},"24":{"line":105,"type":"if","locations":[{"start":{"line":105,"column":4},"end":{"line":105,"column":4}},{"start":{"line":105,"column":4},"end":{"line":105,"column":4}}]},"25":{"line":117,"type":"binary-expr","locations":[{"start":{"line":117,"column":9},"end":{"line":117,"column":19}},{"start":{"line":117,"column":23},"end":{"line":117,"column":33}}]},"26":{"line":132,"type":"if","locations":[{"start":{"line":132,"column":1},"end":{"line":132,"column":1}},{"start":{"line":132,"column":1},"end":{"line":132,"column":1}}]},"27":{"line":132,"type":"binary-expr","locations":[{"start":{"line":132,"column":5},"end":{"line":132,"column":35}},{"start":{"line":132,"column":39},"end":{"line":132,"column":53}}]},"28":{"line":134,"type":"if","locations":[{"start":{"line":134,"column":8},"end":{"line":134,"column":8}},{"start":{"line":134,"column":8},"end":{"line":134,"column":8}}]},"29":{"line":134,"type":"binary-expr","locations":[{"start":{"line":134,"column":12},"end":{"line":134,"column":40}},{"start":{"line":134,"column":44},"end":{"line":134,"column":54}}]}}}}