{"C:\\Users\\Simon\\git\\jovial\\index.js":{"path":"C:\\Users\\Simon\\git\\jovial\\index.js","s":{"1":1,"2":1,"3":1,"4":1,"5":10,"6":10,"7":9,"8":9,"9":9,"10":9,"11":1,"12":10,"13":10,"14":10,"15":9,"16":9,"17":18,"18":9,"19":9,"20":9,"21":9,"22":9,"23":9,"24":9,"25":9,"26":9,"27":9,"28":9,"29":9,"30":9,"31":1,"32":8,"33":10,"34":10,"35":10,"36":10,"37":10,"38":10,"39":0,"40":1,"41":9,"42":9,"43":1,"44":1,"45":1,"46":1,"47":0,"48":0,"49":0,"50":0,"51":0,"52":1,"53":0,"54":1,"55":5,"56":5,"57":0,"58":5,"59":0,"60":5,"61":0,"62":5,"63":0,"64":0,"65":0,"66":0,"67":0,"68":0,"69":0,"70":5,"71":1,"72":1,"73":2,"74":2,"75":2,"76":2,"77":2,"78":1,"79":1,"80":1,"81":1,"82":1,"83":1,"84":1,"85":1,"86":0,"87":1,"88":1,"89":1,"90":0,"91":0,"92":0,"93":0,"94":0,"95":0,"96":0,"97":0},"b":{"1":[9,1],"2":[8,2],"3":[2,0],"4":[9,9],"5":[9,0],"6":[0,9],"7":[0,9],"8":[5,4],"9":[0,9],"10":[1,8],"11":[0,8],"12":[9,0],"13":[9,0],"14":[1,8],"15":[10,0],"16":[0,0],"17":[0,0],"18":[0,0],"19":[0,5],"20":[0,5],"21":[0,0],"22":[0,5],"23":[0,5],"24":[0,0],"25":[0,0],"26":[2,2],"27":[1,0],"28":[1,1],"29":[0,0],"30":[0,0]},"f":{"1":1,"2":10,"3":9,"4":10,"5":9,"6":18,"7":9,"8":0,"9":0,"10":5,"11":0,"12":2,"13":2,"14":1,"15":1,"16":0,"17":0,"18":0},"fnMap":{"1":{"name":"(anonymous_1)","line":5,"loc":{"start":{"line":5,"column":1},"end":{"line":5,"column":12}}},"2":{"name":"Validator","line":9,"loc":{"start":{"line":9,"column":1},"end":{"line":9,"column":28}}},"3":{"name":"(anonymous_3)","line":13,"loc":{"start":{"line":13,"column":16},"end":{"line":13,"column":30}}},"4":{"name":"(anonymous_4)","line":19,"loc":{"start":{"line":19,"column":28},"end":{"line":19,"column":71}}},"5":{"name":"(anonymous_5)","line":23,"loc":{"start":{"line":23,"column":8},"end":{"line":23,"column":40}}},"6":{"name":"(anonymous_6)","line":25,"loc":{"start":{"line":25,"column":17},"end":{"line":25,"column":31}}},"7":{"name":"(anonymous_7)","line":59,"loc":{"start":{"line":59,"column":29},"end":{"line":59,"column":46}}},"8":{"name":"(anonymous_8)","line":66,"loc":{"start":{"line":66,"column":31},"end":{"line":66,"column":50}}},"9":{"name":"(anonymous_9)","line":76,"loc":{"start":{"line":76,"column":33},"end":{"line":76,"column":58}}},"10":{"name":"(anonymous_10)","line":79,"loc":{"start":{"line":79,"column":29},"end":{"line":79,"column":50}}},"11":{"name":"(anonymous_11)","line":98,"loc":{"start":{"line":98,"column":21},"end":{"line":98,"column":39}}},"12":{"name":"(anonymous_12)","line":107,"loc":{"start":{"line":107,"column":32},"end":{"line":107,"column":56}}},"13":{"name":"(anonymous_13)","line":108,"loc":{"start":{"line":108,"column":15},"end":{"line":108,"column":29}}},"14":{"name":"(anonymous_14)","line":114,"loc":{"start":{"line":114,"column":28},"end":{"line":114,"column":48}}},"15":{"name":"(anonymous_15)","line":118,"loc":{"start":{"line":118,"column":28},"end":{"line":118,"column":48}}},"16":{"name":"(anonymous_16)","line":122,"loc":{"start":{"line":122,"column":32},"end":{"line":122,"column":54}}},"17":{"name":"(anonymous_17)","line":130,"loc":{"start":{"line":130,"column":9},"end":{"line":130,"column":20}}},"18":{"name":"(anonymous_18)","line":135,"loc":{"start":{"line":135,"column":25},"end":{"line":135,"column":36}}}},"statementMap":{"1":{"start":{"line":5,"column":0},"end":{"line":142,"column":14}},"2":{"start":{"line":7,"column":1},"end":{"line":7,"column":20}},"3":{"start":{"line":8,"column":1},"end":{"line":8,"column":37}},"4":{"start":{"line":9,"column":1},"end":{"line":18,"column":2}},"5":{"start":{"line":10,"column":2},"end":{"line":10,"column":16}},"6":{"start":{"line":11,"column":2},"end":{"line":17,"column":3}},"7":{"start":{"line":12,"column":3},"end":{"line":12,"column":34}},"8":{"start":{"line":13,"column":3},"end":{"line":16,"column":6}},"9":{"start":{"line":14,"column":4},"end":{"line":14,"column":26}},"10":{"start":{"line":15,"column":4},"end":{"line":15,"column":23}},"11":{"start":{"line":19,"column":1},"end":{"line":58,"column":2}},"12":{"start":{"line":20,"column":2},"end":{"line":20,"column":93}},"13":{"start":{"line":21,"column":2},"end":{"line":21,"column":29}},"14":{"start":{"line":22,"column":2},"end":{"line":49,"column":4}},"15":{"start":{"line":24,"column":4},"end":{"line":24,"column":80}},"16":{"start":{"line":25,"column":4},"end":{"line":40,"column":7}},"17":{"start":{"line":26,"column":5},"end":{"line":39,"column":6}},"18":{"start":{"line":27,"column":6},"end":{"line":27,"column":68}},"19":{"start":{"line":28,"column":6},"end":{"line":38,"column":7}},"20":{"start":{"line":29,"column":7},"end":{"line":29,"column":71}},"21":{"start":{"line":30,"column":7},"end":{"line":30,"column":87}},"22":{"start":{"line":31,"column":7},"end":{"line":31,"column":73}},"23":{"start":{"line":32,"column":7},"end":{"line":32,"column":120}},"24":{"start":{"line":33,"column":7},"end":{"line":33,"column":78}},"25":{"start":{"line":34,"column":7},"end":{"line":34,"column":247}},"26":{"start":{"line":35,"column":7},"end":{"line":35,"column":53}},"27":{"start":{"line":36,"column":7},"end":{"line":36,"column":116}},"28":{"start":{"line":37,"column":7},"end":{"line":37,"column":68}},"29":{"start":{"line":41,"column":4},"end":{"line":47,"column":5}},"30":{"start":{"line":42,"column":5},"end":{"line":46,"column":6}},"31":{"start":{"line":43,"column":6},"end":{"line":43,"column":20}},"32":{"start":{"line":45,"column":6},"end":{"line":45,"column":18}},"33":{"start":{"line":50,"column":2},"end":{"line":56,"column":3}},"34":{"start":{"line":51,"column":3},"end":{"line":51,"column":172}},"35":{"start":{"line":52,"column":3},"end":{"line":52,"column":65}},"36":{"start":{"line":53,"column":3},"end":{"line":53,"column":34}},"37":{"start":{"line":54,"column":3},"end":{"line":54,"column":37}},"38":{"start":{"line":55,"column":3},"end":{"line":55,"column":15}},"39":{"start":{"line":57,"column":2},"end":{"line":57,"column":48}},"40":{"start":{"line":59,"column":1},"end":{"line":62,"column":2}},"41":{"start":{"line":60,"column":2},"end":{"line":60,"column":23}},"42":{"start":{"line":61,"column":2},"end":{"line":61,"column":19}},"43":{"start":{"line":63,"column":1},"end":{"line":63,"column":70}},"44":{"start":{"line":64,"column":1},"end":{"line":64,"column":77}},"45":{"start":{"line":65,"column":1},"end":{"line":65,"column":27}},"46":{"start":{"line":66,"column":1},"end":{"line":75,"column":2}},"47":{"start":{"line":67,"column":2},"end":{"line":69,"column":4}},"48":{"start":{"line":70,"column":2},"end":{"line":70,"column":27}},"49":{"start":{"line":71,"column":2},"end":{"line":73,"column":3}},"50":{"start":{"line":72,"column":3},"end":{"line":72,"column":37}},"51":{"start":{"line":74,"column":2},"end":{"line":74,"column":15}},"52":{"start":{"line":76,"column":1},"end":{"line":78,"column":2}},"53":{"start":{"line":77,"column":2},"end":{"line":77,"column":47}},"54":{"start":{"line":79,"column":1},"end":{"line":105,"column":2}},"55":{"start":{"line":80,"column":2},"end":{"line":82,"column":4}},"56":{"start":{"line":83,"column":2},"end":{"line":85,"column":3}},"57":{"start":{"line":84,"column":3},"end":{"line":84,"column":15}},"58":{"start":{"line":86,"column":2},"end":{"line":88,"column":3}},"59":{"start":{"line":87,"column":3},"end":{"line":87,"column":60}},"60":{"start":{"line":89,"column":2},"end":{"line":91,"column":3}},"61":{"start":{"line":90,"column":3},"end":{"line":90,"column":44}},"62":{"start":{"line":92,"column":2},"end":{"line":103,"column":3}},"63":{"start":{"line":93,"column":3},"end":{"line":93,"column":31}},"64":{"start":{"line":94,"column":3},"end":{"line":94,"column":17}},"65":{"start":{"line":95,"column":3},"end":{"line":97,"column":4}},"66":{"start":{"line":96,"column":4},"end":{"line":96,"column":21}},"67":{"start":{"line":98,"column":3},"end":{"line":102,"column":6}},"68":{"start":{"line":99,"column":4},"end":{"line":101,"column":5}},"69":{"start":{"line":100,"column":5},"end":{"line":100,"column":37}},"70":{"start":{"line":104,"column":2},"end":{"line":104,"column":15}},"71":{"start":{"line":106,"column":1},"end":{"line":106,"column":47}},"72":{"start":{"line":107,"column":1},"end":{"line":112,"column":2}},"73":{"start":{"line":108,"column":2},"end":{"line":108,"column":48}},"74":{"start":{"line":108,"column":31},"end":{"line":108,"column":44}},"75":{"start":{"line":109,"column":2},"end":{"line":109,"column":23}},"76":{"start":{"line":110,"column":2},"end":{"line":110,"column":38}},"77":{"start":{"line":111,"column":2},"end":{"line":111,"column":34}},"78":{"start":{"line":113,"column":1},"end":{"line":113,"column":51}},"79":{"start":{"line":114,"column":1},"end":{"line":116,"column":2}},"80":{"start":{"line":115,"column":2},"end":{"line":115,"column":20}},"81":{"start":{"line":117,"column":1},"end":{"line":117,"column":47}},"82":{"start":{"line":118,"column":1},"end":{"line":120,"column":2}},"83":{"start":{"line":119,"column":2},"end":{"line":119,"column":20}},"84":{"start":{"line":121,"column":1},"end":{"line":121,"column":47}},"85":{"start":{"line":122,"column":1},"end":{"line":124,"column":2}},"86":{"start":{"line":123,"column":2},"end":{"line":123,"column":39}},"87":{"start":{"line":125,"column":1},"end":{"line":125,"column":51}},"88":{"start":{"line":126,"column":1},"end":{"line":140,"column":2}},"89":{"start":{"line":127,"column":2},"end":{"line":127,"column":29}},"90":{"start":{"line":128,"column":8},"end":{"line":140,"column":2}},"91":{"start":{"line":130,"column":2},"end":{"line":130,"column":41}},"92":{"start":{"line":130,"column":21},"end":{"line":130,"column":38}},"93":{"start":{"line":133,"column":2},"end":{"line":133,"column":40}},"94":{"start":{"line":135,"column":2},"end":{"line":138,"column":4}},"95":{"start":{"line":136,"column":3},"end":{"line":136,"column":37}},"96":{"start":{"line":137,"column":3},"end":{"line":137,"column":20}},"97":{"start":{"line":139,"column":2},"end":{"line":139,"column":32}}},"branchMap":{"1":{"line":11,"type":"if","locations":[{"start":{"line":11,"column":2},"end":{"line":11,"column":2}},{"start":{"line":11,"column":2},"end":{"line":11,"column":2}}]},"2":{"line":20,"type":"cond-expr","locations":[{"start":{"line":20,"column":17},"end":{"line":20,"column":21}},{"start":{"line":20,"column":25},"end":{"line":20,"column":90}}]},"3":{"line":20,"type":"cond-expr","locations":[{"start":{"line":20,"column":52},"end":{"line":20,"column":76}},{"start":{"line":20,"column":79},"end":{"line":20,"column":90}}]},"4":{"line":26,"type":"if","locations":[{"start":{"line":26,"column":5},"end":{"line":26,"column":5}},{"start":{"line":26,"column":5},"end":{"line":26,"column":5}}]},"5":{"line":28,"type":"if","locations":[{"start":{"line":28,"column":6},"end":{"line":28,"column":6}},{"start":{"line":28,"column":6},"end":{"line":28,"column":6}}]},"6":{"line":29,"type":"cond-expr","locations":[{"start":{"line":29,"column":24},"end":{"line":29,"column":29}},{"start":{"line":29,"column":32},"end":{"line":29,"column":69}}]},"7":{"line":30,"type":"cond-expr","locations":[{"start":{"line":30,"column":58},"end":{"line":30,"column":80}},{"start":{"line":30,"column":83},"end":{"line":30,"column":85}}]},"8":{"line":31,"type":"cond-expr","locations":[{"start":{"line":31,"column":59},"end":{"line":31,"column":63}},{"start":{"line":31,"column":66},"end":{"line":31,"column":71}}]},"9":{"line":32,"type":"cond-expr","locations":[{"start":{"line":32,"column":80},"end":{"line":32,"column":113}},{"start":{"line":32,"column":116},"end":{"line":32,"column":118}}]},"10":{"line":34,"type":"cond-expr","locations":[{"start":{"line":34,"column":62},"end":{"line":34,"column":81}},{"start":{"line":34,"column":85},"end":{"line":34,"column":140}}]},"11":{"line":34,"type":"cond-expr","locations":[{"start":{"line":34,"column":111},"end":{"line":34,"column":132}},{"start":{"line":34,"column":135},"end":{"line":34,"column":140}}]},"12":{"line":36,"type":"cond-expr","locations":[{"start":{"line":36,"column":68},"end":{"line":36,"column":101}},{"start":{"line":36,"column":104},"end":{"line":36,"column":109}}]},"13":{"line":41,"type":"if","locations":[{"start":{"line":41,"column":4},"end":{"line":41,"column":4}},{"start":{"line":41,"column":4},"end":{"line":41,"column":4}}]},"14":{"line":42,"type":"if","locations":[{"start":{"line":42,"column":5},"end":{"line":42,"column":5}},{"start":{"line":42,"column":5},"end":{"line":42,"column":5}}]},"15":{"line":50,"type":"if","locations":[{"start":{"line":50,"column":2},"end":{"line":50,"column":2}},{"start":{"line":50,"column":2},"end":{"line":50,"column":2}}]},"16":{"line":71,"type":"if","locations":[{"start":{"line":71,"column":2},"end":{"line":71,"column":2}},{"start":{"line":71,"column":2},"end":{"line":71,"column":2}}]},"17":{"line":71,"type":"binary-expr","locations":[{"start":{"line":71,"column":5},"end":{"line":71,"column":20}},{"start":{"line":71,"column":24},"end":{"line":71,"column":43}}]},"18":{"line":77,"type":"cond-expr","locations":[{"start":{"line":77,"column":21},"end":{"line":77,"column":38}},{"start":{"line":77,"column":41},"end":{"line":77,"column":45}}]},"19":{"line":83,"type":"if","locations":[{"start":{"line":83,"column":2},"end":{"line":83,"column":2}},{"start":{"line":83,"column":2},"end":{"line":83,"column":2}}]},"20":{"line":86,"type":"if","locations":[{"start":{"line":86,"column":2},"end":{"line":86,"column":2}},{"start":{"line":86,"column":2},"end":{"line":86,"column":2}}]},"21":{"line":87,"type":"binary-expr","locations":[{"start":{"line":87,"column":10},"end":{"line":87,"column":33}},{"start":{"line":87,"column":37},"end":{"line":87,"column":59}}]},"22":{"line":89,"type":"if","locations":[{"start":{"line":89,"column":2},"end":{"line":89,"column":2}},{"start":{"line":89,"column":2},"end":{"line":89,"column":2}}]},"23":{"line":92,"type":"if","locations":[{"start":{"line":92,"column":2},"end":{"line":92,"column":2}},{"start":{"line":92,"column":2},"end":{"line":92,"column":2}}]},"24":{"line":95,"type":"if","locations":[{"start":{"line":95,"column":3},"end":{"line":95,"column":3}},{"start":{"line":95,"column":3},"end":{"line":95,"column":3}}]},"25":{"line":99,"type":"if","locations":[{"start":{"line":99,"column":4},"end":{"line":99,"column":4}},{"start":{"line":99,"column":4},"end":{"line":99,"column":4}}]},"26":{"line":111,"type":"binary-expr","locations":[{"start":{"line":111,"column":9},"end":{"line":111,"column":19}},{"start":{"line":111,"column":23},"end":{"line":111,"column":33}}]},"27":{"line":126,"type":"if","locations":[{"start":{"line":126,"column":1},"end":{"line":126,"column":1}},{"start":{"line":126,"column":1},"end":{"line":126,"column":1}}]},"28":{"line":126,"type":"binary-expr","locations":[{"start":{"line":126,"column":5},"end":{"line":126,"column":35}},{"start":{"line":126,"column":39},"end":{"line":126,"column":53}}]},"29":{"line":128,"type":"if","locations":[{"start":{"line":128,"column":8},"end":{"line":128,"column":8}},{"start":{"line":128,"column":8},"end":{"line":128,"column":8}}]},"30":{"line":128,"type":"binary-expr","locations":[{"start":{"line":128,"column":12},"end":{"line":128,"column":40}},{"start":{"line":128,"column":44},"end":{"line":128,"column":54}}]}}}}