TN:
SF:C:\Users\Simon\git\jovial\index.js
FN:5,(anonymous_1)
FN:9,Validator
FN:13,(anonymous_3)
FN:19,(anonymous_4)
FN:23,(anonymous_5)
FN:25,(anonymous_6)
FN:59,(anonymous_7)
FN:66,(anonymous_8)
FN:76,(anonymous_9)
FN:79,(anonymous_10)
FN:98,(anonymous_11)
FN:107,(anonymous_12)
FN:108,(anonymous_13)
FN:114,(anonymous_14)
FN:118,(anonymous_15)
FN:122,(anonymous_16)
FN:130,(anonymous_17)
FN:135,(anonymous_18)
FNF:18
FNH:12
FNDA:1,(anonymous_1)
FNDA:10,Validator
FNDA:9,(anonymous_3)
FNDA:10,(anonymous_4)
FNDA:9,(anonymous_5)
FNDA:18,(anonymous_6)
FNDA:9,(anonymous_7)
FNDA:0,(anonymous_8)
FNDA:0,(anonymous_9)
FNDA:5,(anonymous_10)
FNDA:0,(anonymous_11)
FNDA:2,(anonymous_12)
FNDA:2,(anonymous_13)
FNDA:1,(anonymous_14)
FNDA:1,(anonymous_15)
FNDA:0,(anonymous_16)
FNDA:0,(anonymous_17)
FNDA:0,(anonymous_18)
DA:5,1
DA:7,1
DA:8,1
DA:9,1
DA:10,10
DA:11,10
DA:12,9
DA:13,9
DA:14,9
DA:15,9
DA:19,1
DA:20,10
DA:21,10
DA:22,10
DA:24,9
DA:25,9
DA:26,18
DA:27,9
DA:28,9
DA:29,9
DA:30,9
DA:31,9
DA:32,9
DA:33,9
DA:34,9
DA:35,9
DA:36,9
DA:37,9
DA:41,9
DA:42,9
DA:43,1
DA:45,8
DA:50,10
DA:51,10
DA:52,10
DA:53,10
DA:54,10
DA:55,10
DA:57,0
DA:59,1
DA:60,9
DA:61,9
DA:63,1
DA:64,1
DA:65,1
DA:66,1
DA:67,0
DA:70,0
DA:71,0
DA:72,0
DA:74,0
DA:76,1
DA:77,0
DA:79,1
DA:80,5
DA:83,5
DA:84,0
DA:86,5
DA:87,0
DA:89,5
DA:90,0
DA:92,5
DA:93,0
DA:94,0
DA:95,0
DA:96,0
DA:98,0
DA:99,0
DA:100,0
DA:104,5
DA:106,1
DA:107,1
DA:108,2
DA:109,2
DA:110,2
DA:111,2
DA:113,1
DA:114,1
DA:115,1
DA:117,1
DA:118,1
DA:119,1
DA:121,1
DA:122,1
DA:123,0
DA:125,1
DA:126,1
DA:127,1
DA:128,0
DA:130,0
DA:133,0
DA:135,0
DA:136,0
DA:137,0
DA:139,0
LF:95
LH:70
BRDA:11,1,0,9
BRDA:11,1,1,1
BRDA:20,2,0,8
BRDA:20,2,1,2
BRDA:20,3,0,2
BRDA:20,3,1,0
BRDA:26,4,0,9
BRDA:26,4,1,9
BRDA:28,5,0,9
BRDA:28,5,1,0
BRDA:29,6,0,0
BRDA:29,6,1,9
BRDA:30,7,0,0
BRDA:30,7,1,9
BRDA:31,8,0,5
BRDA:31,8,1,4
BRDA:32,9,0,0
BRDA:32,9,1,9
BRDA:34,10,0,1
BRDA:34,10,1,8
BRDA:34,11,0,0
BRDA:34,11,1,8
BRDA:36,12,0,9
BRDA:36,12,1,0
BRDA:41,13,0,9
BRDA:41,13,1,0
BRDA:42,14,0,1
BRDA:42,14,1,8
BRDA:50,15,0,10
BRDA:50,15,1,0
BRDA:71,16,0,0
BRDA:71,16,1,0
BRDA:71,17,0,0
BRDA:71,17,1,0
BRDA:77,18,0,0
BRDA:77,18,1,0
BRDA:83,19,0,0
BRDA:83,19,1,5
BRDA:86,20,0,0
BRDA:86,20,1,5
BRDA:87,21,0,0
BRDA:87,21,1,0
BRDA:89,22,0,0
BRDA:89,22,1,5
BRDA:92,23,0,0
BRDA:92,23,1,5
BRDA:95,24,0,0
BRDA:95,24,1,0
BRDA:99,25,0,0
BRDA:99,25,1,0
BRDA:111,26,0,2
BRDA:111,26,1,2
BRDA:126,27,0,1
BRDA:126,27,1,0
BRDA:126,28,0,1
BRDA:126,28,1,1
BRDA:128,29,0,0
BRDA:128,29,1,0
BRDA:128,30,0,0
BRDA:128,30,1,0
BRF:60
BRH:30
end_of_record
