TN:
SF:C:\Users\Simon\git\jovial\index.js
FN:5,(anonymous_1)
FN:8,Validator
FN:12,(anonymous_3)
FN:23,(anonymous_4)
FN:27,(anonymous_5)
FN:29,(anonymous_6)
FN:63,(anonymous_7)
FN:82,(anonymous_8)
FN:85,(anonymous_9)
FN:104,(anonymous_10)
FN:113,(anonymous_11)
FN:114,(anonymous_12)
FN:120,(anonymous_13)
FN:124,(anonymous_14)
FN:128,(anonymous_15)
FN:136,(anonymous_16)
FN:141,(anonymous_17)
FNF:17
FNH:12
FNDA:1,(anonymous_1)
FNDA:10,Validator
FNDA:9,(anonymous_3)
FNDA:10,(anonymous_4)
FNDA:9,(anonymous_5)
FNDA:18,(anonymous_6)
FNDA:9,(anonymous_7)
FNDA:0,(anonymous_8)
FNDA:5,(anonymous_9)
FNDA:0,(anonymous_10)
FNDA:2,(anonymous_11)
FNDA:2,(anonymous_12)
FNDA:1,(anonymous_13)
FNDA:1,(anonymous_14)
FNDA:0,(anonymous_15)
FNDA:0,(anonymous_16)
FNDA:0,(anonymous_17)
DA:5,1
DA:7,1
DA:8,1
DA:9,10
DA:10,10
DA:11,9
DA:12,9
DA:13,9
DA:14,9
DA:18,1
DA:19,1
DA:21,0
DA:23,1
DA:24,10
DA:25,10
DA:26,10
DA:28,9
DA:29,9
DA:30,18
DA:31,9
DA:32,9
DA:33,9
DA:34,9
DA:35,9
DA:36,9
DA:37,9
DA:38,9
DA:39,9
DA:40,9
DA:41,9
DA:45,9
DA:46,9
DA:47,1
DA:49,8
DA:54,10
DA:55,10
DA:56,10
DA:57,10
DA:58,10
DA:59,10
DA:61,0
DA:63,1
DA:64,9
DA:65,9
DA:67,1
DA:68,1
DA:69,1
DA:82,1
DA:83,0
DA:85,1
DA:86,5
DA:89,5
DA:90,0
DA:92,5
DA:93,0
DA:95,5
DA:96,0
DA:98,5
DA:99,0
DA:100,0
DA:101,0
DA:102,0
DA:104,0
DA:105,0
DA:106,0
DA:110,5
DA:112,1
DA:113,1
DA:114,2
DA:115,2
DA:116,2
DA:117,2
DA:119,1
DA:120,1
DA:121,1
DA:123,1
DA:124,1
DA:125,1
DA:127,1
DA:128,1
DA:129,0
DA:131,1
DA:132,1
DA:133,1
DA:134,0
DA:136,0
DA:139,0
DA:141,0
DA:142,0
DA:143,0
DA:145,0
LF:91
LH:70
BRDA:10,1,0,9
BRDA:10,1,1,1
BRDA:18,2,0,1
BRDA:18,2,1,0
BRDA:24,3,0,8
BRDA:24,3,1,2
BRDA:24,4,0,2
BRDA:24,4,1,0
BRDA:30,5,0,9
BRDA:30,5,1,9
BRDA:32,6,0,9
BRDA:32,6,1,0
BRDA:33,7,0,0
BRDA:33,7,1,9
BRDA:34,8,0,0
BRDA:34,8,1,9
BRDA:35,9,0,5
BRDA:35,9,1,4
BRDA:36,10,0,0
BRDA:36,10,1,9
BRDA:38,11,0,1
BRDA:38,11,1,8
BRDA:38,12,0,0
BRDA:38,12,1,8
BRDA:40,13,0,9
BRDA:40,13,1,0
BRDA:45,14,0,9
BRDA:45,14,1,0
BRDA:46,15,0,1
BRDA:46,15,1,8
BRDA:54,16,0,10
BRDA:54,16,1,0
BRDA:83,17,0,0
BRDA:83,17,1,0
BRDA:89,18,0,0
BRDA:89,18,1,5
BRDA:92,19,0,0
BRDA:92,19,1,5
BRDA:93,20,0,0
BRDA:93,20,1,0
BRDA:95,21,0,0
BRDA:95,21,1,5
BRDA:98,22,0,0
BRDA:98,22,1,5
BRDA:101,23,0,0
BRDA:101,23,1,0
BRDA:105,24,0,0
BRDA:105,24,1,0
BRDA:117,25,0,2
BRDA:117,25,1,2
BRDA:132,26,0,1
BRDA:132,26,1,0
BRDA:132,27,0,1
BRDA:132,27,1,1
BRDA:134,28,0,0
BRDA:134,28,1,0
BRDA:134,29,0,0
BRDA:134,29,1,0
BRF:58
BRH:31
end_of_record
